<?xml version="1.0" encoding="UTF-8"?>
<!-- Generated by org.testng.reporters.JUnitReportReporter -->
<testsuite skipped="0" hostname="Zanpakuto" name="com.tests.testRunnerClass" tests="1" failures="0" timestamp="2020-03-13T12:37:48 IST" time="11.529" errors="0">
  <testcase name="login" time="11.529" classname="com.tests.testRunnerClass"/>
  <system-out/>
</testsuite> <!-- com.tests.testRunnerClass -->
