<?xml version="1.0" encoding="UTF-8"?>
<!-- Generated by org.testng.reporters.JUnitReportReporter -->
<testsuite skipped="0" hostname="Zanpakuto" name="com.tests.loginTestRunner" tests="1" failures="0" timestamp="2020-03-17T15:21:05 IST" time="30.217" errors="0">
  <testcase name="login" time="30.217" classname="com.tests.loginTestRunner"/>
  <system-out/>
</testsuite> <!-- com.tests.loginTestRunner -->
